app/actions/dashboard.ts(17,48): error TS2322: Type 'number' is not assignable to type 'string | StringFilter<"Partenaire"> | undefined'.
app/actions/dashboard.ts(18,48): error TS2322: Type 'number' is not assignable to type 'string | StringFilter<"Partenaire"> | undefined'.
app/actions/dashboard.ts(21,46): error TS2353: Object literal may only specify known properties, and 'domaine' does not exist in type 'DocVenteWhereInput'.
app/actions/dashboard.ts(22,46): error TS2353: Object literal may only specify known properties, and 'domaine' does not exist in type 'DocVenteWhereInput'.
app/actions/dashboard.ts(39,43): error TS2322: Type 'number' is not assignable to type 'string'.
app/actions/dashboard.ts(39,46): error TS2322: Type 'number' is not assignable to type 'string'.
app/actions/dashboard.ts(43,21): error TS2353: Object literal may only specify known properties, and 'montant_regle' does not exist in type 'DocVenteSelect<DefaultArgs>'.
app/actions/documents.ts(100,36): error TS2551: Property 'ligneDocVente' does not exist on type 'PrismaClient<PrismaClientOptions, never, DefaultArgs>'. Did you mean 'ligneDocument'?
app/actions/documents.ts(116,26): error TS7006: Parameter 'line' implicitly has an 'any' type.
app/actions/partners.ts(17,44): error TS2339: Property 'plafond_credit' does not exist on type '{ est_actif: boolean; date_creation: Date; date_modification: Date; cree_par: string | null; modifie_par: string | null; id_partenaire: number; code_partenaire: string; nom_partenaire: string; ... 21 more ...; compte_auxiliaire: string | null; }'.
app/actions/partners.ts(18,43): error TS2339: Property 'solde_courant' does not exist on type '{ est_actif: boolean; date_creation: Date; date_modification: Date; cree_par: string | null; modifie_par: string | null; id_partenaire: number; code_partenaire: string; nom_partenaire: string; ... 21 more ...; compte_auxiliaire: string | null; }'.
app/actions/stock.ts(16,17): error TS2353: Object literal may only specify known properties, and 'depot' does not exist in type 'NiveauStockInclude<DefaultArgs>'.
app/actions/stock.ts(32,46): error TS2339: Property 'cout_moyen_pondere' does not exist on type '{ date_creation: Date; date_modification: Date; id_entrepot: number; id_produit: number; id_stock: number; quantite_en_stock: Decimal; quantite_reservee: Decimal; quantite_commandee: Decimal; date_dernier_mouvement: Date | null; type_dernier_mouvement: string | null; }'.
app/actions/stock.ts(33,40): error TS2339: Property 'valeur_stock' does not exist on type '{ date_creation: Date; date_modification: Date; id_entrepot: number; id_produit: number; id_stock: number; quantite_en_stock: Decimal; quantite_reservee: Decimal; quantite_commandee: Decimal; date_dernier_mouvement: Date | null; type_dernier_mouvement: string | null; }'.
app/actions/stock.ts(34,28): error TS2339: Property 'produit' does not exist on type '{ date_creation: Date; date_modification: Date; id_entrepot: number; id_produit: number; id_stock: number; quantite_en_stock: Decimal; quantite_reservee: Decimal; quantite_commandee: Decimal; date_dernier_mouvement: Date | null; type_dernier_mouvement: string | null; }'.
app/actions/stock.ts(35,26): error TS2339: Property 'produit' does not exist on type '{ date_creation: Date; date_modification: Date; id_entrepot: number; id_produit: number; id_stock: number; quantite_en_stock: Decimal; quantite_reservee: Decimal; quantite_commandee: Decimal; date_dernier_mouvement: Date | null; type_dernier_mouvement: string | null; }'.
app/actions/stock.ts(36,42): error TS2339: Property 'produit' does not exist on type '{ date_creation: Date; date_modification: Date; id_entrepot: number; id_produit: number; id_stock: number; quantite_en_stock: Decimal; quantite_reservee: Decimal; quantite_commandee: Decimal; date_dernier_mouvement: Date | null; type_dernier_mouvement: string | null; }'.
app/actions/stock.ts(38,26): error TS2339: Property 'depot' does not exist on type '{ date_creation: Date; date_modification: Date; id_entrepot: number; id_produit: number; id_stock: number; quantite_en_stock: Decimal; quantite_reservee: Decimal; quantite_commandee: Decimal; date_dernier_mouvement: Date | null; type_dernier_mouvement: string | null; }'.
app/actions/stock.ts(49,29): error TS2339: Property 'depot' does not exist on type 'PrismaClient<PrismaClientOptions, never, DefaultArgs>'.
app/documents/page.tsx(177,67): error TS2322: Type 'Dispatch<SetStateAction<string>>' is not assignable to type '(value: string | null, eventDetails: SelectRootChangeEventDetails) => void'.
  Types of parameters 'value' and 'value' are incompatible.
    Type 'string | null' is not assignable to type 'SetStateAction<string>'.
      Type 'null' is not assignable to type 'SetStateAction<string>'.
app/documents/page.tsx(179,58): error TS2322: Type '{ placeholder: string; }' is not assignable to type 'IntrinsicAttributes & SelectValueProps'.
  Property 'placeholder' does not exist on type 'IntrinsicAttributes & SelectValueProps'.
app/documents/page.tsx(187,64): error TS2322: Type 'Dispatch<SetStateAction<string>>' is not assignable to type '(value: string | null, eventDetails: SelectRootChangeEventDetails) => void'.
  Types of parameters 'value' and 'value' are incompatible.
    Type 'string | null' is not assignable to type 'SetStateAction<string>'.
      Type 'null' is not assignable to type 'SetStateAction<string>'.
app/documents/page.tsx(189,58): error TS2322: Type '{ placeholder: string; }' is not assignable to type 'IntrinsicAttributes & SelectValueProps'.
  Property 'placeholder' does not exist on type 'IntrinsicAttributes & SelectValueProps'.
app/purchases/page.tsx(97,32): error TS2552: Cannot find name 'getPurchaseDocuments'. Did you mean 'fetchDocuments'?
app/purchases/page.tsx(112,47): error TS2339: Property 'nom_tiers' does not exist on type '{ montant_ht: number; montant_ttc: number; solde_du: number; partenaire: { nom_partenaire: string; type_partenaire: string; }; id_affaire: number | null; date_creation: Date; date_modification: Date; ... 26 more ...; nombre_colis: number | null; }'.
app/purchases/page.tsx(117,17): error TS2339: Property 'numero_piece' does not exist on type '{ montant_ht: number; montant_ttc: number; solde_du: number; partenaire: { nom_partenaire: string; type_partenaire: string; }; id_affaire: number | null; date_creation: Date; date_modification: Date; ... 26 more ...; nombre_colis: number | null; }'.
app/purchases/page.tsx(118,17): error TS2339: Property 'nom_tiers' does not exist on type '{ montant_ht: number; montant_ttc: number; solde_du: number; partenaire: { nom_partenaire: string; type_partenaire: string; }; id_affaire: number | null; date_creation: Date; date_modification: Date; ... 26 more ...; nombre_colis: number | null; }'.
app/purchases/page.tsx(129,68): error TS2339: Property 'nom_tiers' does not exist on type '{ montant_ht: number; montant_ttc: number; solde_du: number; partenaire: { nom_partenaire: string; type_partenaire: string; }; id_affaire: number | null; date_creation: Date; date_modification: Date; ... 26 more ...; nombre_colis: number | null; }'.
app/purchases/page.tsx(137,27): error TS2367: This comparison appears to be unintentional because the types 'string' and 'number' have no overlap.
app/purchases/page.tsx(147,13): error TS7015: Element implicitly has an 'any' type because index expression is not of type 'number'.
app/purchases/page.tsx(147,26): error TS7015: Element implicitly has an 'any' type because index expression is not of type 'number'.
app/purchases/page.tsx(152,85): error TS2367: This comparison appears to be unintentional because the types 'string' and 'number' have no overlap.
app/purchases/page.tsx(165,22): error TS2367: This comparison appears to be unintentional because the types 'string' and 'number' have no overlap.
app/purchases/page.tsx(165,48): error TS2367: This comparison appears to be unintentional because the types 'string' and 'number' have no overlap.
app/purchases/page.tsx(169,22): error TS2367: This comparison appears to be unintentional because the types 'string' and 'number' have no overlap.
app/purchases/page.tsx(169,48): error TS2367: This comparison appears to be unintentional because the types 'string' and 'number' have no overlap.
app/purchases/page.tsx(170,38): error TS2339: Property 'montant_regle' does not exist on type '{ montant_ht: number; montant_ttc: number; solde_du: number; partenaire: { nom_partenaire: string; type_partenaire: string; }; id_affaire: number | null; date_creation: Date; date_modification: Date; ... 26 more ...; nombre_colis: number | null; }'.
app/purchases/page.tsx(173,28): error TS2339: Property 'montant_regle' does not exist on type '{ montant_ht: number; montant_ttc: number; solde_du: number; partenaire: { nom_partenaire: string; type_partenaire: string; }; id_affaire: number | null; date_creation: Date; date_modification: Date; ... 26 more ...; nombre_colis: number | null; }'.
app/purchases/page.tsx(173,68): error TS2339: Property 'montant_regle' does not exist on type '{ montant_ht: number; montant_ttc: number; solde_du: number; partenaire: { nom_partenaire: string; type_partenaire: string; }; id_affaire: number | null; date_creation: Date; date_modification: Date; ... 26 more ...; nombre_colis: number | null; }'.
app/purchases/page.tsx(174,31): error TS2339: Property 'montant_regle' does not exist on type '{ montant_ht: number; montant_ttc: number; solde_du: number; partenaire: { nom_partenaire: string; type_partenaire: string; }; id_affaire: number | null; date_creation: Date; date_modification: Date; ... 26 more ...; nombre_colis: number | null; }'.
app/purchases/page.tsx(174,71): error TS2339: Property 'montant_regle' does not exist on type '{ montant_ht: number; montant_ttc: number; solde_du: number; partenaire: { nom_partenaire: string; type_partenaire: string; }; id_affaire: number | null; date_creation: Date; date_modification: Date; ... 26 more ...; nombre_colis: number | null; }'.
app/purchases/page.tsx(174,96): error TS2339: Property 'montant_regle' does not exist on type '{ montant_ht: number; montant_ttc: number; solde_du: number; partenaire: { nom_partenaire: string; type_partenaire: string; }; id_affaire: number | null; date_creation: Date; date_modification: Date; ... 26 more ...; nombre_colis: number | null; }'.
app/purchases/page.tsx(320,87): error TS2339: Property 'numero_piece' does not exist on type '{ montant_ht: number; montant_ttc: number; solde_du: number; partenaire: { nom_partenaire: string; type_partenaire: string; }; id_affaire: number | null; date_creation: Date; date_modification: Date; ... 26 more ...; nombre_colis: number | null; }'.
app/purchases/page.tsx(324,96): error TS2339: Property 'nom_tiers' does not exist on type '{ montant_ht: number; montant_ttc: number; solde_du: number; partenaire: { nom_partenaire: string; type_partenaire: string; }; id_affaire: number | null; date_creation: Date; date_modification: Date; ... 26 more ...; nombre_colis: number | null; }'.
app/purchases/page.tsx(327,105): error TS2345: Argument of type 'string | 0' is not assignable to parameter of type 'number'.
  Type 'string' is not assignable to type 'number'.
app/purchases/page.tsx(333,84): error TS2339: Property 'montant_regle' does not exist on type '{ montant_ht: number; montant_ttc: number; solde_du: number; partenaire: { nom_partenaire: string; type_partenaire: string; }; id_affaire: number | null; date_creation: Date; date_modification: Date; ... 26 more ...; nombre_colis: number | null; }'.
app/sales/page.tsx(156,64): error TS2322: Type 'Dispatch<SetStateAction<string>>' is not assignable to type '(value: string | null, eventDetails: SelectRootChangeEventDetails) => void'.
  Types of parameters 'value' and 'value' are incompatible.
    Type 'string | null' is not assignable to type 'SetStateAction<string>'.
      Type 'null' is not assignable to type 'SetStateAction<string>'.
app/sales/page.tsx(158,58): error TS2322: Type '{ placeholder: string; }' is not assignable to type 'IntrinsicAttributes & SelectValueProps'.
  Property 'placeholder' does not exist on type 'IntrinsicAttributes & SelectValueProps'.
app/stock/page.tsx(139,20): error TS2339: Property 'id_depot' does not exist on type '{ quantite_en_stock: number; quantite_reservee: number; cout_moyen_pondere: number; valeur_stock: number; produit: any; depot: any; date_creation: Date; date_modification: Date; ... 5 more ...; type_dernier_mouvement: string | null; }'.
app/stock/page.tsx(139,38): error TS2339: Property 'id_depot' does not exist on type '{ quantite_en_stock: number; quantite_reservee: number; cout_moyen_pondere: number; valeur_stock: number; produit: any; depot: any; date_creation: Date; date_modification: Date; ... 5 more ...; type_dernier_mouvement: string | null; }'.
components/erp/document-detail-sheet.tsx(126,29): error TS2339: Property 'montant_regle' does not exist on type '{ montant_ht: number; montant_ttc: number; solde_du: number; partenaire: { nom_partenaire: string; type_partenaire: string; }; id_affaire: number | null; date_creation: Date; date_modification: Date; ... 26 more ...; nombre_colis: number | null; }'.
components/erp/document-detail-sheet.tsx(126,79): error TS2339: Property 'montant_regle' does not exist on type '{ montant_ht: number; montant_ttc: number; solde_du: number; partenaire: { nom_partenaire: string; type_partenaire: string; }; id_affaire: number | null; date_creation: Date; date_modification: Date; ... 26 more ...; nombre_colis: number | null; }'.
components/erp/document-detail-sheet.tsx(127,32): error TS2339: Property 'montant_regle' does not exist on type '{ montant_ht: number; montant_ttc: number; solde_du: number; partenaire: { nom_partenaire: string; type_partenaire: string; }; id_affaire: number | null; date_creation: Date; date_modification: Date; ... 26 more ...; nombre_colis: number | null; }'.
components/erp/document-detail-sheet.tsx(127,82): error TS2339: Property 'montant_regle' does not exist on type '{ montant_ht: number; montant_ttc: number; solde_du: number; partenaire: { nom_partenaire: string; type_partenaire: string; }; id_affaire: number | null; date_creation: Date; date_modification: Date; ... 26 more ...; nombre_colis: number | null; }'.
components/erp/document-detail-sheet.tsx(127,112): error TS2339: Property 'montant_regle' does not exist on type '{ montant_ht: number; montant_ttc: number; solde_du: number; partenaire: { nom_partenaire: string; type_partenaire: string; }; id_affaire: number | null; date_creation: Date; date_modification: Date; ... 26 more ...; nombre_colis: number | null; }'.
components/erp/document-detail-sheet.tsx(142,71): error TS2339: Property 'numero_piece' does not exist on type '{ montant_ht: number; montant_ttc: number; solde_du: number; partenaire: { nom_partenaire: string; type_partenaire: string; }; id_affaire: number | null; date_creation: Date; date_modification: Date; ... 26 more ...; nombre_colis: number | null; }'.
components/erp/document-detail-sheet.tsx(144,81): error TS2345: Argument of type 'string' is not assignable to parameter of type 'number'.
components/erp/document-detail-sheet.tsx(165,105): error TS2339: Property 'nom_tiers' does not exist on type '{ montant_ht: number; montant_ttc: number; solde_du: number; partenaire: { nom_partenaire: string; type_partenaire: string; }; id_affaire: number | null; date_creation: Date; date_modification: Date; ... 26 more ...; nombre_colis: number | null; }'.
components/erp/document-detail-sheet.tsx(190,88): error TS2339: Property 'montant_regle' does not exist on type '{ montant_ht: number; montant_ttc: number; solde_du: number; partenaire: { nom_partenaire: string; type_partenaire: string; }; id_affaire: number | null; date_creation: Date; date_modification: Date; ... 26 more ...; nombre_colis: number | null; }'.
components/erp/document-detail-sheet.tsx(195,71): error TS2339: Property 'montant_regle' does not exist on type '{ montant_ht: number; montant_ttc: number; solde_du: number; partenaire: { nom_partenaire: string; type_partenaire: string; }; id_affaire: number | null; date_creation: Date; date_modification: Date; ... 26 more ...; nombre_colis: number | null; }'.
components/erp/document-detail-sheet.tsx(268,31): error TS2339: Property 'reference' does not exist on type '{ montant_ht: number; montant_ttc: number; solde_du: number; partenaire: { nom_partenaire: string; type_partenaire: string; }; id_affaire: number | null; date_creation: Date; date_modification: Date; ... 26 more ...; nombre_colis: number | null; }'.
components/erp/document-detail-sheet.tsx(273,66): error TS2339: Property 'reference' does not exist on type '{ montant_ht: number; montant_ttc: number; solde_du: number; partenaire: { nom_partenaire: string; type_partenaire: string; }; id_affaire: number | null; date_creation: Date; date_modification: Date; ... 26 more ...; nombre_colis: number | null; }'.
lib/pdf/generate-invoice.tsx(60,29): error TS2339: Property 'montant_regle' does not exist on type '{ montant_ht: number; montant_ttc: number; solde_du: number; partenaire: { nom_partenaire: string; type_partenaire: string; }; id_affaire: number | null; date_creation: Date; date_modification: Date; ... 26 more ...; nombre_colis: number | null; }'.
lib/pdf/generate-invoice.tsx(93,53): error TS7015: Element implicitly has an 'any' type because index expression is not of type 'number'.
lib/pdf/generate-invoice.tsx(98,38): error TS2551: Property 'montant_tva' does not exist on type '{ montant_ht: number; montant_ttc: number; solde_du: number; partenaire: { nom_partenaire: string; type_partenaire: string; }; id_affaire: number | null; date_creation: Date; date_modification: Date; ... 26 more ...; nombre_colis: number | null; }'. Did you mean 'montant_ht'?
lib/pdf/generate-invoice.tsx(102,34): error TS2339: Property 'numero_piece' does not exist on type '{ montant_ht: number; montant_ttc: number; solde_du: number; partenaire: { nom_partenaire: string; type_partenaire: string; }; id_affaire: number | null; date_creation: Date; date_modification: Date; ... 26 more ...; nombre_colis: number | null; }'.
lib/pdf/generate-invoice.tsx(105,31): error TS2339: Property 'reference' does not exist on type '{ montant_ht: number; montant_ttc: number; solde_du: number; partenaire: { nom_partenaire: string; type_partenaire: string; }; id_affaire: number | null; date_creation: Date; date_modification: Date; ... 26 more ...; nombre_colis: number | null; }'.
lib/pdf/generate-invoice.tsx(112,55): error TS2339: Property 'nom_tiers' does not exist on type '{ montant_ht: number; montant_ttc: number; solde_du: number; partenaire: { nom_partenaire: string; type_partenaire: string; }; id_affaire: number | null; date_creation: Date; date_modification: Date; ... 26 more ...; nombre_colis: number | null; }'.
lib/pdf/generate-invoice.tsx(132,35): error TS2339: Property 'montant_remise' does not exist on type '{ montant_ht: number; montant_ttc: number; solde_du: number; partenaire: { nom_partenaire: string; type_partenaire: string; }; id_affaire: number | null; date_creation: Date; date_modification: Date; ... 26 more ...; nombre_colis: number | null; }'.
lib/pdf/generate-invoice.tsx(135,37): error TS2339: Property 'montant_regle' does not exist on type '{ montant_ht: number; montant_ttc: number; solde_du: number; partenaire: { nom_partenaire: string; type_partenaire: string; }; id_affaire: number | null; date_creation: Date; date_modification: Date; ... 26 more ...; nombre_colis: number | null; }'.
